Arguments: 
  /home/tcolin/.n/bin/node /home/tcolin/.n/bin/yarn add wacthify

PATH: 
  /usr/local/bin:/usr/local/sbin:/home/tcolin/bin:/home/tcolin/.local/bin:/usr/local/sbin:/usr/local/bin:/usr/sbin:/usr/bin:/sbin:/bin:/usr/games:/usr/local/games:/snap/bin:/usr/lib/jvm/java-8-oracle/bin:/usr/lib/jvm/java-8-oracle/db/bin:/usr/lib/jvm/java-8-oracle/jre/bin::/home/tcolin/.antigen/bundles/unixorn/warhol.plugin.zsh/bin:/home/tcolin/.n/bin

Yarn version: 
  1.3.2

Node version: 
  6.11.0

Platform: 
  linux x64

npm manifest: 
  {
    "name": "chrome-download-manager-extension",
    "version": "1.0.0",
    "description": "",
    "main": "src/index.js",
    "scripts": {
      "test": "echo \"Error: no test specified\" && exit 1"
    },
    "author": "thcolin",
    "license": "ISC",
    "dependencies": {
      "choo": "^6.7.0"
    }
  }

yarn manifest: 
  No manifest

Lockfile: 
  No lockfile

Trace: 
  Error: http://npm.lan.wiztivi.com:8080/wacthify: no such package available
      at Request.params.callback [as _callback] (/home/tcolin/.n/lib/node_modules/yarn/lib/cli.js:62098:18)
      at Request.self.callback (/home/tcolin/.n/lib/node_modules/yarn/lib/cli.js:123085:22)
      at emitTwo (events.js:106:13)
      at Request.emit (events.js:191:7)
      at Request.<anonymous> (/home/tcolin/.n/lib/node_modules/yarn/lib/cli.js:124068:10)
      at emitOne (events.js:96:13)
      at Request.emit (events.js:188:7)
      at IncomingMessage.<anonymous> (/home/tcolin/.n/lib/node_modules/yarn/lib/cli.js:123988:12)
      at IncomingMessage.g (events.js:292:16)
      at emitNone (events.js:91:20)
